This file contains any messages produced by compilers while
running configure, to aid debugging if configure makes a mistake.

It was created by configure, which was
generated by GNU Autoconf 2.68.  Invocation command line was

  $ ./configure --no-create --no-recursion

## --------- ##
## Platform. ##
## --------- ##

hostname = vps34351.public.cloudvps.com
uname -m = x86_64
uname -r = 3.2.0-52-generic
uname -s = Linux
uname -v = #78-Ubuntu SMP Fri Jul 26 16:21:44 UTC 2013

/usr/bin/uname -p = unknown
/bin/uname -X     = unknown

/bin/arch              = unknown
/usr/bin/arch -k       = unknown
/usr/convex/getsysinfo = unknown
/usr/bin/hostinfo      = unknown
/bin/machine           = unknown
/usr/bin/oslevel       = unknown
/bin/universe          = unknown

PATH: /home/lars/bin
PATH: /usr/local/sbin
PATH: /usr/local/bin
PATH: /usr/sbin
PATH: /usr/bin
PATH: /sbin
PATH: /bin
PATH: /usr/games


## ----------- ##
## Core tests. ##
## ----------- ##

configure:2040: checking for a BSD-compatible install
configure:2108: result: /usr/bin/install -c
configure:2119: checking whether build environment is sane
configure:2169: result: yes
configure:2197: WARNING: `missing' script is too old or missing
configure:2310: checking for a thread-safe mkdir -p
configure:2349: result: /bin/mkdir -p
configure:2362: checking for gawk
configure:2392: result: no
configure:2362: checking for mawk
configure:2378: found /usr/bin/mawk
configure:2389: result: mawk
configure:2400: checking whether make sets $(MAKE)
configure:2422: result: yes
configure:2558: checking for gcc
configure:2574: found /usr/bin/gcc
configure:2585: result: gcc
configure:2814: checking for C compiler version
configure:2823: gcc --version >&5
gcc (Ubuntu/Linaro 4.6.3-1ubuntu5) 4.6.3
Copyright (C) 2011 Free Software Foundation, Inc.
This is free software; see the source for copying conditions.  There is NO
warranty; not even for MERCHANTABILITY or FITNESS FOR A PARTICULAR PURPOSE.

configure:2834: $? = 0
configure:2823: gcc -v >&5
Using built-in specs.
COLLECT_GCC=gcc
COLLECT_LTO_WRAPPER=/usr/lib/gcc/x86_64-linux-gnu/4.6/lto-wrapper
Target: x86_64-linux-gnu
Configured with: ../src/configure -v --with-pkgversion='Ubuntu/Linaro 4.6.3-1ubuntu5' --with-bugurl=file:///usr/share/doc/gcc-4.6/README.Bugs --enable-languages=c,c++,fortran,objc,obj-c++ --prefix=/usr --program-suffix=-4.6 --enable-shared --enable-linker-build-id --with-system-zlib --libexecdir=/usr/lib --without-included-gettext --enable-threads=posix --with-gxx-include-dir=/usr/include/c++/4.6 --libdir=/usr/lib --enable-nls --with-sysroot=/ --enable-clocale=gnu --enable-libstdcxx-debug --enable-libstdcxx-time=yes --enable-gnu-unique-object --enable-plugin --enable-objc-gc --disable-werror --with-arch-32=i686 --with-tune=generic --enable-checking=release --build=x86_64-linux-gnu --host=x86_64-linux-gnu --target=x86_64-linux-gnu
Thread model: posix
gcc version 4.6.3 (Ubuntu/Linaro 4.6.3-1ubuntu5) 
configure:2834: $? = 0
configure:2823: gcc -V >&5
gcc: error: unrecognized option '-V'
gcc: fatal error: no input files
compilation terminated.
configure:2834: $? = 4
configure:2823: gcc -qversion >&5
gcc: error: unrecognized option '-qversion'
gcc: fatal error: no input files
compilation terminated.
configure:2834: $? = 4
configure:2854: checking whether the C compiler works
configure:2876: gcc -O2 -W -Wall -fomit-frame-pointer   conftest.c  >&5
configure:2880: $? = 0
configure:2928: result: yes
configure:2931: checking for C compiler default output file name
configure:2933: result: a.out
configure:2939: checking for suffix of executables
configure:2946: gcc -o conftest -O2 -W -Wall -fomit-frame-pointer   conftest.c  >&5
configure:2950: $? = 0
configure:2972: result: 
configure:2994: checking whether we are cross compiling
configure:3002: gcc -o conftest -O2 -W -Wall -fomit-frame-pointer   conftest.c  >&5
configure:3006: $? = 0
configure:3013: ./conftest
configure:3017: $? = 0
configure:3032: result: no
configure:3037: checking for suffix of object files
configure:3059: gcc -c -O2 -W -Wall -fomit-frame-pointer  conftest.c >&5
configure:3063: $? = 0
configure:3084: result: o
configure:3088: checking whether we are using the GNU C compiler
configure:3107: gcc -c -O2 -W -Wall -fomit-frame-pointer  conftest.c >&5
configure:3107: $? = 0
configure:3116: result: yes
configure:3125: checking whether gcc accepts -g
configure:3145: gcc -c -g  conftest.c >&5
configure:3145: $? = 0
configure:3186: result: yes
configure:3203: checking for gcc option to accept ISO C89
configure:3267: gcc  -c -O2 -W -Wall -fomit-frame-pointer  conftest.c >&5
configure:3267: $? = 0
configure:3280: result: none needed
configure:3311: checking for style of include used by make
configure:3339: result: GNU
configure:3365: checking dependency style of gcc
configure:3476: result: none
configure:3493: checking whether ln -s works
configure:3497: result: yes
configure:3512: checking how to run the C preprocessor
configure:3543: gcc -E  conftest.c
configure:3543: $? = 0
configure:3557: gcc -E  conftest.c
conftest.c:11:28: fatal error: ac_nonexistent.h: No such file or directory
compilation terminated.
configure:3557: $? = 1
configure: failed program was:
| /* confdefs.h */
| #define PACKAGE_NAME ""
| #define PACKAGE_TARNAME ""
| #define PACKAGE_VERSION ""
| #define PACKAGE_STRING ""
| #define PACKAGE_BUGREPORT ""
| #define PACKAGE_URL ""
| #define PACKAGE "kbredir"
| #define VERSION "0.9"
| /* end confdefs.h.  */
| #include <ac_nonexistent.h>
configure:3582: result: gcc -E
configure:3602: gcc -E  conftest.c
configure:3602: $? = 0
configure:3616: gcc -E  conftest.c
conftest.c:11:28: fatal error: ac_nonexistent.h: No such file or directory
compilation terminated.
configure:3616: $? = 1
configure: failed program was:
| /* confdefs.h */
| #define PACKAGE_NAME ""
| #define PACKAGE_TARNAME ""
| #define PACKAGE_VERSION ""
| #define PACKAGE_STRING ""
| #define PACKAGE_BUGREPORT ""
| #define PACKAGE_URL ""
| #define PACKAGE "kbredir"
| #define VERSION "0.9"
| /* end confdefs.h.  */
| #include <ac_nonexistent.h>
configure:3645: checking for grep that handles long lines and -e
configure:3703: result: /bin/grep
configure:3708: checking for egrep
configure:3770: result: /bin/grep -E
configure:3775: checking for ANSI C header files
configure:3795: gcc -c -O2 -W -Wall -fomit-frame-pointer  conftest.c >&5
configure:3795: $? = 0
configure:3868: gcc -o conftest -O2 -W -Wall -fomit-frame-pointer   conftest.c  >&5
configure:3868: $? = 0
configure:3868: ./conftest
configure:3868: $? = 0
configure:3879: result: yes
configure:3892: checking for sys/types.h
configure:3892: gcc -c -O2 -W -Wall -fomit-frame-pointer  conftest.c >&5
configure:3892: $? = 0
configure:3892: result: yes
configure:3892: checking for sys/stat.h
configure:3892: gcc -c -O2 -W -Wall -fomit-frame-pointer  conftest.c >&5
configure:3892: $? = 0
configure:3892: result: yes
configure:3892: checking for stdlib.h
configure:3892: gcc -c -O2 -W -Wall -fomit-frame-pointer  conftest.c >&5
configure:3892: $? = 0
configure:3892: result: yes
configure:3892: checking for string.h
configure:3892: gcc -c -O2 -W -Wall -fomit-frame-pointer  conftest.c >&5
configure:3892: $? = 0
configure:3892: result: yes
configure:3892: checking for memory.h
configure:3892: gcc -c -O2 -W -Wall -fomit-frame-pointer  conftest.c >&5
configure:3892: $? = 0
configure:3892: result: yes
configure:3892: checking for strings.h
configure:3892: gcc -c -O2 -W -Wall -fomit-frame-pointer  conftest.c >&5
configure:3892: $? = 0
configure:3892: result: yes
configure:3892: checking for inttypes.h
configure:3892: gcc -c -O2 -W -Wall -fomit-frame-pointer  conftest.c >&5
configure:3892: $? = 0
configure:3892: result: yes
configure:3892: checking for stdint.h
configure:3892: gcc -c -O2 -W -Wall -fomit-frame-pointer  conftest.c >&5
configure:3892: $? = 0
configure:3892: result: yes
configure:3892: checking for unistd.h
configure:3892: gcc -c -O2 -W -Wall -fomit-frame-pointer  conftest.c >&5
configure:3892: $? = 0
configure:3892: result: yes
configure:3907: checking linux/kd.h usability
configure:3907: gcc -c -O2 -W -Wall -fomit-frame-pointer  conftest.c >&5
configure:3907: $? = 0
configure:3907: result: yes
configure:3907: checking linux/kd.h presence
configure:3907: gcc -E  conftest.c
configure:3907: $? = 0
configure:3907: result: yes
configure:3907: checking for linux/kd.h
configure:3907: result: yes
configure:3907: checking linux/vt.h usability
configure:3907: gcc -c -O2 -W -Wall -fomit-frame-pointer  conftest.c >&5
configure:3907: $? = 0
configure:3907: result: yes
configure:3907: checking linux/vt.h presence
configure:3907: gcc -E  conftest.c
configure:3907: $? = 0
configure:3907: result: yes
configure:3907: checking for linux/vt.h
configure:3907: result: yes
configure:3907: checking linux/keyboard.h usability
configure:3907: gcc -c -O2 -W -Wall -fomit-frame-pointer  conftest.c >&5
configure:3907: $? = 0
configure:3907: result: yes
configure:3907: checking linux/keyboard.h presence
configure:3907: gcc -E  conftest.c
configure:3907: $? = 0
configure:3907: result: yes
configure:3907: checking for linux/keyboard.h
configure:3907: result: yes
configure:3920: checking X11/Xlib.h usability
configure:3920: gcc -c -O2 -W -Wall -fomit-frame-pointer  conftest.c >&5
conftest.c:57:22: fatal error: X11/Xlib.h: No such file or directory
compilation terminated.
configure:3920: $? = 1
configure: failed program was:
| /* confdefs.h */
| #define PACKAGE_NAME ""
| #define PACKAGE_TARNAME ""
| #define PACKAGE_VERSION ""
| #define PACKAGE_STRING ""
| #define PACKAGE_BUGREPORT ""
| #define PACKAGE_URL ""
| #define PACKAGE "kbredir"
| #define VERSION "0.9"
| #define STDC_HEADERS 1
| #define HAVE_SYS_TYPES_H 1
| #define HAVE_SYS_STAT_H 1
| #define HAVE_STDLIB_H 1
| #define HAVE_STRING_H 1
| #define HAVE_MEMORY_H 1
| #define HAVE_STRINGS_H 1
| #define HAVE_INTTYPES_H 1
| #define HAVE_STDINT_H 1
| #define HAVE_UNISTD_H 1
| #define HAVE_LINUX_KD_H 1
| #define HAVE_LINUX_VT_H 1
| #define HAVE_LINUX_KEYBOARD_H 1
| /* end confdefs.h.  */
| #include <stdio.h>
| #ifdef HAVE_SYS_TYPES_H
| # include <sys/types.h>
| #endif
| #ifdef HAVE_SYS_STAT_H
| # include <sys/stat.h>
| #endif
| #ifdef STDC_HEADERS
| # include <stdlib.h>
| # include <stddef.h>
| #else
| # ifdef HAVE_STDLIB_H
| #  include <stdlib.h>
| # endif
| #endif
| #ifdef HAVE_STRING_H
| # if !defined STDC_HEADERS && defined HAVE_MEMORY_H
| #  include <memory.h>
| # endif
| # include <string.h>
| #endif
| #ifdef HAVE_STRINGS_H
| # include <strings.h>
| #endif
| #ifdef HAVE_INTTYPES_H
| # include <inttypes.h>
| #endif
| #ifdef HAVE_STDINT_H
| # include <stdint.h>
| #endif
| #ifdef HAVE_UNISTD_H
| # include <unistd.h>
| #endif
| #include <X11/Xlib.h>
configure:3920: result: no
configure:3920: checking X11/Xlib.h presence
configure:3920: gcc -E  conftest.c
conftest.c:24:22: fatal error: X11/Xlib.h: No such file or directory
compilation terminated.
configure:3920: $? = 1
configure: failed program was:
| /* confdefs.h */
| #define PACKAGE_NAME ""
| #define PACKAGE_TARNAME ""
| #define PACKAGE_VERSION ""
| #define PACKAGE_STRING ""
| #define PACKAGE_BUGREPORT ""
| #define PACKAGE_URL ""
| #define PACKAGE "kbredir"
| #define VERSION "0.9"
| #define STDC_HEADERS 1
| #define HAVE_SYS_TYPES_H 1
| #define HAVE_SYS_STAT_H 1
| #define HAVE_STDLIB_H 1
| #define HAVE_STRING_H 1
| #define HAVE_MEMORY_H 1
| #define HAVE_STRINGS_H 1
| #define HAVE_INTTYPES_H 1
| #define HAVE_STDINT_H 1
| #define HAVE_UNISTD_H 1
| #define HAVE_LINUX_KD_H 1
| #define HAVE_LINUX_VT_H 1
| #define HAVE_LINUX_KEYBOARD_H 1
| /* end confdefs.h.  */
| #include <X11/Xlib.h>
configure:3920: result: no
configure:3920: checking for X11/Xlib.h
configure:3920: result: no
configure:3920: checking X11/keysym.h usability
configure:3920: gcc -c -O2 -W -Wall -fomit-frame-pointer  conftest.c >&5
conftest.c:57:24: fatal error: X11/keysym.h: No such file or directory
compilation terminated.
configure:3920: $? = 1
configure: failed program was:
| /* confdefs.h */
| #define PACKAGE_NAME ""
| #define PACKAGE_TARNAME ""
| #define PACKAGE_VERSION ""
| #define PACKAGE_STRING ""
| #define PACKAGE_BUGREPORT ""
| #define PACKAGE_URL ""
| #define PACKAGE "kbredir"
| #define VERSION "0.9"
| #define STDC_HEADERS 1
| #define HAVE_SYS_TYPES_H 1
| #define HAVE_SYS_STAT_H 1
| #define HAVE_STDLIB_H 1
| #define HAVE_STRING_H 1
| #define HAVE_MEMORY_H 1
| #define HAVE_STRINGS_H 1
| #define HAVE_INTTYPES_H 1
| #define HAVE_STDINT_H 1
| #define HAVE_UNISTD_H 1
| #define HAVE_LINUX_KD_H 1
| #define HAVE_LINUX_VT_H 1
| #define HAVE_LINUX_KEYBOARD_H 1
| /* end confdefs.h.  */
| #include <stdio.h>
| #ifdef HAVE_SYS_TYPES_H
| # include <sys/types.h>
| #endif
| #ifdef HAVE_SYS_STAT_H
| # include <sys/stat.h>
| #endif
| #ifdef STDC_HEADERS
| # include <stdlib.h>
| # include <stddef.h>
| #else
| # ifdef HAVE_STDLIB_H
| #  include <stdlib.h>
| # endif
| #endif
| #ifdef HAVE_STRING_H
| # if !defined STDC_HEADERS && defined HAVE_MEMORY_H
| #  include <memory.h>
| # endif
| # include <string.h>
| #endif
| #ifdef HAVE_STRINGS_H
| # include <strings.h>
| #endif
| #ifdef HAVE_INTTYPES_H
| # include <inttypes.h>
| #endif
| #ifdef HAVE_STDINT_H
| # include <stdint.h>
| #endif
| #ifdef HAVE_UNISTD_H
| # include <unistd.h>
| #endif
| #include <X11/keysym.h>
configure:3920: result: no
configure:3920: checking X11/keysym.h presence
configure:3920: gcc -E  conftest.c
conftest.c:24:24: fatal error: X11/keysym.h: No such file or directory
compilation terminated.
configure:3920: $? = 1
configure: failed program was:
| /* confdefs.h */
| #define PACKAGE_NAME ""
| #define PACKAGE_TARNAME ""
| #define PACKAGE_VERSION ""
| #define PACKAGE_STRING ""
| #define PACKAGE_BUGREPORT ""
| #define PACKAGE_URL ""
| #define PACKAGE "kbredir"
| #define VERSION "0.9"
| #define STDC_HEADERS 1
| #define HAVE_SYS_TYPES_H 1
| #define HAVE_SYS_STAT_H 1
| #define HAVE_STDLIB_H 1
| #define HAVE_STRING_H 1
| #define HAVE_MEMORY_H 1
| #define HAVE_STRINGS_H 1
| #define HAVE_INTTYPES_H 1
| #define HAVE_STDINT_H 1
| #define HAVE_UNISTD_H 1
| #define HAVE_LINUX_KD_H 1
| #define HAVE_LINUX_VT_H 1
| #define HAVE_LINUX_KEYBOARD_H 1
| /* end confdefs.h.  */
| #include <X11/keysym.h>
configure:3920: result: no
configure:3920: checking for X11/keysym.h
configure:3920: result: no
configure:3920: checking X11/extensions/XTest.h usability
configure:3920: gcc -c -O2 -W -Wall -fomit-frame-pointer  conftest.c >&5
conftest.c:57:34: fatal error: X11/extensions/XTest.h: No such file or directory
compilation terminated.
configure:3920: $? = 1
configure: failed program was:
| /* confdefs.h */
| #define PACKAGE_NAME ""
| #define PACKAGE_TARNAME ""
| #define PACKAGE_VERSION ""
| #define PACKAGE_STRING ""
| #define PACKAGE_BUGREPORT ""
| #define PACKAGE_URL ""
| #define PACKAGE "kbredir"
| #define VERSION "0.9"
| #define STDC_HEADERS 1
| #define HAVE_SYS_TYPES_H 1
| #define HAVE_SYS_STAT_H 1
| #define HAVE_STDLIB_H 1
| #define HAVE_STRING_H 1
| #define HAVE_MEMORY_H 1
| #define HAVE_STRINGS_H 1
| #define HAVE_INTTYPES_H 1
| #define HAVE_STDINT_H 1
| #define HAVE_UNISTD_H 1
| #define HAVE_LINUX_KD_H 1
| #define HAVE_LINUX_VT_H 1
| #define HAVE_LINUX_KEYBOARD_H 1
| /* end confdefs.h.  */
| #include <stdio.h>
| #ifdef HAVE_SYS_TYPES_H
| # include <sys/types.h>
| #endif
| #ifdef HAVE_SYS_STAT_H
| # include <sys/stat.h>
| #endif
| #ifdef STDC_HEADERS
| # include <stdlib.h>
| # include <stddef.h>
| #else
| # ifdef HAVE_STDLIB_H
| #  include <stdlib.h>
| # endif
| #endif
| #ifdef HAVE_STRING_H
| # if !defined STDC_HEADERS && defined HAVE_MEMORY_H
| #  include <memory.h>
| # endif
| # include <string.h>
| #endif
| #ifdef HAVE_STRINGS_H
| # include <strings.h>
| #endif
| #ifdef HAVE_INTTYPES_H
| # include <inttypes.h>
| #endif
| #ifdef HAVE_STDINT_H
| # include <stdint.h>
| #endif
| #ifdef HAVE_UNISTD_H
| # include <unistd.h>
| #endif
| #include <X11/extensions/XTest.h>
configure:3920: result: no
configure:3920: checking X11/extensions/XTest.h presence
configure:3920: gcc -E  conftest.c
conftest.c:24:34: fatal error: X11/extensions/XTest.h: No such file or directory
compilation terminated.
configure:3920: $? = 1
configure: failed program was:
| /* confdefs.h */
| #define PACKAGE_NAME ""
| #define PACKAGE_TARNAME ""
| #define PACKAGE_VERSION ""
| #define PACKAGE_STRING ""
| #define PACKAGE_BUGREPORT ""
| #define PACKAGE_URL ""
| #define PACKAGE "kbredir"
| #define VERSION "0.9"
| #define STDC_HEADERS 1
| #define HAVE_SYS_TYPES_H 1
| #define HAVE_SYS_STAT_H 1
| #define HAVE_STDLIB_H 1
| #define HAVE_STRING_H 1
| #define HAVE_MEMORY_H 1
| #define HAVE_STRINGS_H 1
| #define HAVE_INTTYPES_H 1
| #define HAVE_STDINT_H 1
| #define HAVE_UNISTD_H 1
| #define HAVE_LINUX_KD_H 1
| #define HAVE_LINUX_VT_H 1
| #define HAVE_LINUX_KEYBOARD_H 1
| /* end confdefs.h.  */
| #include <X11/extensions/XTest.h>
configure:3920: result: no
configure:3920: checking for X11/extensions/XTest.h
configure:3920: result: no
configure:3933: checking return type of signal handlers
configure:3951: gcc -c -O2 -W -Wall -fomit-frame-pointer  conftest.c >&5
conftest.c: In function 'main':
conftest.c:30:1: error: void value not ignored as it ought to be
configure:3951: $? = 1
configure: failed program was:
| /* confdefs.h */
| #define PACKAGE_NAME ""
| #define PACKAGE_TARNAME ""
| #define PACKAGE_VERSION ""
| #define PACKAGE_STRING ""
| #define PACKAGE_BUGREPORT ""
| #define PACKAGE_URL ""
| #define PACKAGE "kbredir"
| #define VERSION "0.9"
| #define STDC_HEADERS 1
| #define HAVE_SYS_TYPES_H 1
| #define HAVE_SYS_STAT_H 1
| #define HAVE_STDLIB_H 1
| #define HAVE_STRING_H 1
| #define HAVE_MEMORY_H 1
| #define HAVE_STRINGS_H 1
| #define HAVE_INTTYPES_H 1
| #define HAVE_STDINT_H 1
| #define HAVE_UNISTD_H 1
| #define HAVE_LINUX_KD_H 1
| #define HAVE_LINUX_VT_H 1
| #define HAVE_LINUX_KEYBOARD_H 1
| /* end confdefs.h.  */
| #include <sys/types.h>
| #include <signal.h>
| 
| int
| main ()
| {
| return *(signal (0, 0)) (0) == 1;
|   ;
|   return 0;
| }
configure:3958: result: void
configure:4099: creating ./config.status

## ---------------- ##
## Cache variables. ##
## ---------------- ##

ac_cv_c_compiler_gnu=yes
ac_cv_env_CC_set=
ac_cv_env_CC_value=
ac_cv_env_CFLAGS_set=
ac_cv_env_CFLAGS_value=
ac_cv_env_CPPFLAGS_set=
ac_cv_env_CPPFLAGS_value=
ac_cv_env_CPP_set=
ac_cv_env_CPP_value=
ac_cv_env_LDFLAGS_set=
ac_cv_env_LDFLAGS_value=
ac_cv_env_LIBS_set=
ac_cv_env_LIBS_value=
ac_cv_env_build_alias_set=
ac_cv_env_build_alias_value=
ac_cv_env_host_alias_set=
ac_cv_env_host_alias_value=
ac_cv_env_target_alias_set=
ac_cv_env_target_alias_value=
ac_cv_header_X11_Xlib_h=no
ac_cv_header_X11_extensions_XTest_h=no
ac_cv_header_X11_keysym_h=no
ac_cv_header_inttypes_h=yes
ac_cv_header_linux_kd_h=yes
ac_cv_header_linux_keyboard_h=yes
ac_cv_header_linux_vt_h=yes
ac_cv_header_memory_h=yes
ac_cv_header_stdc=yes
ac_cv_header_stdint_h=yes
ac_cv_header_stdlib_h=yes
ac_cv_header_string_h=yes
ac_cv_header_strings_h=yes
ac_cv_header_sys_stat_h=yes
ac_cv_header_sys_types_h=yes
ac_cv_header_unistd_h=yes
ac_cv_objext=o
ac_cv_path_EGREP='/bin/grep -E'
ac_cv_path_GREP=/bin/grep
ac_cv_path_install='/usr/bin/install -c'
ac_cv_path_mkdir=/bin/mkdir
ac_cv_prog_AWK=mawk
ac_cv_prog_CPP='gcc -E'
ac_cv_prog_ac_ct_CC=gcc
ac_cv_prog_cc_c89=
ac_cv_prog_cc_g=yes
ac_cv_prog_make_make_set=yes
ac_cv_type_signal=void
am_cv_CC_dependencies_compiler_type=none

## ----------------- ##
## Output variables. ##
## ----------------- ##

ACLOCAL='aclocal-1.11'
AMDEPBACKSLASH='\'
AMDEP_FALSE='#'
AMDEP_TRUE=''
AMTAR='$${TAR-tar}'
AUTOCONF='autoconf'
AUTOHEADER='autoheader'
AUTOMAKE='automake-1.11'
AWK='mawk'
CC='gcc'
CCDEPMODE='depmode=none'
CFLAGS='-O2 -W -Wall -fomit-frame-pointer'
CPP='gcc -E'
CPPFLAGS=''
CYGPATH_W='echo'
DEFS='-DHAVE_CONFIG_H'
DEPDIR='.deps'
ECHO_C=''
ECHO_N='-n'
ECHO_T=''
EGREP='/bin/grep -E'
EXEEXT=''
GREP='/bin/grep'
INSTALL_DATA='${INSTALL} -m 644'
INSTALL_PROGRAM='${INSTALL}'
INSTALL_SCRIPT='${INSTALL}'
INSTALL_STRIP_PROGRAM='$(install_sh) -c -s'
LDFLAGS=''
LIBOBJS=''
LIBS=''
LN_S='ln -s'
LTLIBOBJS=''
MAKEINFO='makeinfo'
MKDIR_P='/bin/mkdir -p'
OBJEXT='o'
PACKAGE='kbredir'
PACKAGE_BUGREPORT=''
PACKAGE_NAME=''
PACKAGE_STRING=''
PACKAGE_TARNAME=''
PACKAGE_URL=''
PACKAGE_VERSION=''
PATH_SEPARATOR=':'
SET_MAKE=''
SHELL='/bin/bash'
STRIP=''
VERSION='0.9'
ac_ct_CC='gcc'
am__EXEEXT_FALSE=''
am__EXEEXT_TRUE='#'
am__fastdepCC_FALSE=''
am__fastdepCC_TRUE='#'
am__include='include'
am__isrc=''
am__leading_dot='.'
am__nodep='_no'
am__quote=''
am__tar='$${TAR-tar} chof - "$$tardir"'
am__untar='$${TAR-tar} xf -'
bindir='${exec_prefix}/bin'
build_alias=''
datadir='${datarootdir}'
datarootdir='${prefix}/share'
docdir='${datarootdir}/doc/${PACKAGE}'
dvidir='${docdir}'
exec_prefix='${prefix}'
host_alias=''
htmldir='${docdir}'
includedir='${prefix}/include'
infodir='${datarootdir}/info'
install_sh='${SHELL} /home/lars/src/new-kbredir/install-sh'
libdir='${exec_prefix}/lib'
libexecdir='${exec_prefix}/libexec'
localedir='${datarootdir}/locale'
localstatedir='${prefix}/var'
mandir='${datarootdir}/man'
mkdir_p='/bin/mkdir -p'
oldincludedir='/usr/include'
pdfdir='${docdir}'
prefix='/usr/local'
program_transform_name='s,x,x,'
psdir='${docdir}'
sbindir='${exec_prefix}/sbin'
sharedstatedir='${prefix}/com'
sysconfdir='${prefix}/etc'
target_alias=''

## ----------- ##
## confdefs.h. ##
## ----------- ##

/* confdefs.h */
#define PACKAGE_NAME ""
#define PACKAGE_TARNAME ""
#define PACKAGE_VERSION ""
#define PACKAGE_STRING ""
#define PACKAGE_BUGREPORT ""
#define PACKAGE_URL ""
#define PACKAGE "kbredir"
#define VERSION "0.9"
#define STDC_HEADERS 1
#define HAVE_SYS_TYPES_H 1
#define HAVE_SYS_STAT_H 1
#define HAVE_STDLIB_H 1
#define HAVE_STRING_H 1
#define HAVE_MEMORY_H 1
#define HAVE_STRINGS_H 1
#define HAVE_INTTYPES_H 1
#define HAVE_STDINT_H 1
#define HAVE_UNISTD_H 1
#define HAVE_LINUX_KD_H 1
#define HAVE_LINUX_VT_H 1
#define HAVE_LINUX_KEYBOARD_H 1
#define RETSIGTYPE void

configure: exit 0

## ---------------------- ##
## Running config.status. ##
## ---------------------- ##

This file was extended by config.status, which was
generated by GNU Autoconf 2.68.  Invocation command line was

  CONFIG_FILES    = Makefile
  CONFIG_HEADERS  = 
  CONFIG_LINKS    = 
  CONFIG_COMMANDS = 
  $ ./config.status 

on vps34351.public.cloudvps.com

config.status:: creating Makefile
config.status:: executing depfiles commands

## ---------------------- ##
## Running config.status. ##
## ---------------------- ##

This file was extended by config.status, which was
generated by GNU Autoconf 2.68.  Invocation command line was

  CONFIG_FILES    = src/Makefile
  CONFIG_HEADERS  = 
  CONFIG_LINKS    = 
  CONFIG_COMMANDS = 
  $ ./config.status 

on vps34351.public.cloudvps.com

config.status:: creating src/Makefile
config.status:: WARNING:  'src/Makefile.in' seems to ignore the --datarootdir setting
config.status:: executing depfiles commands
